android/app/build/intermediates/manifest_merge_blame_file/debug/manifest-merger-blame-debug-report.txt
1<?xml version="1.0" encoding="utf-8"?>
2<manifest xmlns:android="http://schemas.android.com/apk/res/android"
3    package="com.mad2x"
4    android:versionCode="1"
5    android:versionName="1.0" >
6
7    <uses-sdk
8        android:minSdkVersion="21"
9        android:targetSdkVersion="33" />
10
11    <uses-permission android:name="android.permission.SYSTEM_ALERT_WINDOW" />
11-->src\debug\AndroidManifest.xml:5:5-77
11-->src\debug\AndroidManifest.xml:5:22-75
12    <uses-permission android:name="android.permission.INTERNET" />
12-->src\main\AndroidManifest.xml:3:5-67
12-->src\main\AndroidManifest.xml:3:22-64
13    <uses-permission android:name="android.permission.VIBRATE" />
13-->src\main\AndroidManifest.xml:4:6-67
13-->src\main\AndroidManifest.xml:4:23-64
14    <uses-permission android:name="android.permission.RECEIVE_BOOT_COMPLETED" />
14-->src\main\AndroidManifest.xml:5:5-80
14-->src\main\AndroidManifest.xml:5:22-78
15    <uses-permission android:name="android.permission.ACCESS_WIFI_STATE" />
15-->[com.facebook.flipper:flipper:0.125.0] AndroidManifest.xml:16:5-76
15-->[com.facebook.flipper:flipper:0.125.0] AndroidManifest.xml:16:22-73
16    <uses-permission android:name="android.permission.WRITE_EXTERNAL_STORAGE" />
16-->[:react-native-fs] AndroidManifest.xml:9:5-81
16-->[:react-native-fs] AndroidManifest.xml:9:22-78
17    <uses-permission android:name="android.permission.ACCESS_NETWORK_STATE" />
17-->[:react-native-community_netinfo] AndroidManifest.xml:9:5-79
17-->[:react-native-community_netinfo] AndroidManifest.xml:9:22-76
18    <uses-permission android:name="android.permission.WAKE_LOCK" />
18-->[androidx.work:work-runtime:2.8.0] AndroidManifest.xml:23:5-68
18-->[androidx.work:work-runtime:2.8.0] AndroidManifest.xml:23:22-65
19    <uses-permission android:name="android.permission.FOREGROUND_SERVICE" /> <!-- Required by older versions of Google Play services to create IID tokens -->
19-->[androidx.work:work-runtime:2.8.0] AndroidManifest.xml:26:5-77
19-->[androidx.work:work-runtime:2.8.0] AndroidManifest.xml:26:22-74
20    <uses-permission android:name="com.google.android.c2dm.permission.RECEIVE" /> <!-- for android -->
20-->[com.google.firebase:firebase-messaging:21.1.0] AndroidManifest.xml:25:5-82
20-->[com.google.firebase:firebase-messaging:21.1.0] AndroidManifest.xml:25:22-79
21    <!-- <uses-permission android:name="com.android.launcher.permission.READ_SETTINGS"/> -->
22    <!-- <uses-permission android:name="com.android.launcher.permission.WRITE_SETTINGS"/> -->
23    <!-- <uses-permission android:name="com.android.launcher.permission.INSTALL_SHORTCUT" /> -->
24    <!-- <uses-permission android:name="com.android.launcher.permission.UNINSTALL_SHORTCUT" /> -->
25    <!-- for Samsung -->
26    <uses-permission android:name="com.sec.android.provider.badge.permission.READ" />
26-->[me.leolin:ShortcutBadger:1.1.22] AndroidManifest.xml:19:5-86
26-->[me.leolin:ShortcutBadger:1.1.22] AndroidManifest.xml:19:22-83
27    <uses-permission android:name="com.sec.android.provider.badge.permission.WRITE" /> <!-- for htc -->
27-->[me.leolin:ShortcutBadger:1.1.22] AndroidManifest.xml:20:5-87
27-->[me.leolin:ShortcutBadger:1.1.22] AndroidManifest.xml:20:22-84
28    <uses-permission android:name="com.htc.launcher.permission.READ_SETTINGS" />
28-->[me.leolin:ShortcutBadger:1.1.22] AndroidManifest.xml:23:5-81
28-->[me.leolin:ShortcutBadger:1.1.22] AndroidManifest.xml:23:22-78
29    <uses-permission android:name="com.htc.launcher.permission.UPDATE_SHORTCUT" /> <!-- for sony -->
29-->[me.leolin:ShortcutBadger:1.1.22] AndroidManifest.xml:24:5-83
29-->[me.leolin:ShortcutBadger:1.1.22] AndroidManifest.xml:24:22-80
30    <uses-permission android:name="com.sonyericsson.home.permission.BROADCAST_BADGE" />
30-->[me.leolin:ShortcutBadger:1.1.22] AndroidManifest.xml:27:5-88
30-->[me.leolin:ShortcutBadger:1.1.22] AndroidManifest.xml:27:22-85
31    <uses-permission android:name="com.sonymobile.home.permission.PROVIDER_INSERT_BADGE" /> <!-- for apex -->
31-->[me.leolin:ShortcutBadger:1.1.22] AndroidManifest.xml:28:5-92
31-->[me.leolin:ShortcutBadger:1.1.22] AndroidManifest.xml:28:22-89
32    <uses-permission android:name="com.anddoes.launcher.permission.UPDATE_COUNT" /> <!-- for solid -->
32-->[me.leolin:ShortcutBadger:1.1.22] AndroidManifest.xml:31:5-84
32-->[me.leolin:ShortcutBadger:1.1.22] AndroidManifest.xml:31:22-81
33    <uses-permission android:name="com.majeur.launcher.permission.UPDATE_BADGE" /> <!-- for huawei -->
33-->[me.leolin:ShortcutBadger:1.1.22] AndroidManifest.xml:34:5-83
33-->[me.leolin:ShortcutBadger:1.1.22] AndroidManifest.xml:34:22-80
34    <uses-permission android:name="com.huawei.android.launcher.permission.CHANGE_BADGE" />
34-->[me.leolin:ShortcutBadger:1.1.22] AndroidManifest.xml:37:5-91
34-->[me.leolin:ShortcutBadger:1.1.22] AndroidManifest.xml:37:22-88
35    <uses-permission android:name="com.huawei.android.launcher.permission.READ_SETTINGS" />
35-->[me.leolin:ShortcutBadger:1.1.22] AndroidManifest.xml:38:5-92
35-->[me.leolin:ShortcutBadger:1.1.22] AndroidManifest.xml:38:22-89
36    <uses-permission android:name="com.huawei.android.launcher.permission.WRITE_SETTINGS" /> <!-- for ZUK -->
36-->[me.leolin:ShortcutBadger:1.1.22] AndroidManifest.xml:39:5-93
36-->[me.leolin:ShortcutBadger:1.1.22] AndroidManifest.xml:39:22-90
37    <uses-permission android:name="android.permission.READ_APP_BADGE" /> <!-- for OPPO -->
37-->[me.leolin:ShortcutBadger:1.1.22] AndroidManifest.xml:42:5-73
37-->[me.leolin:ShortcutBadger:1.1.22] AndroidManifest.xml:42:22-70
38    <uses-permission android:name="com.oppo.launcher.permission.READ_SETTINGS" />
38-->[me.leolin:ShortcutBadger:1.1.22] AndroidManifest.xml:45:5-82
38-->[me.leolin:ShortcutBadger:1.1.22] AndroidManifest.xml:45:22-79
39    <uses-permission android:name="com.oppo.launcher.permission.WRITE_SETTINGS" /> <!-- for EvMe -->
39-->[me.leolin:ShortcutBadger:1.1.22] AndroidManifest.xml:46:5-83
39-->[me.leolin:ShortcutBadger:1.1.22] AndroidManifest.xml:46:22-80
40    <uses-permission android:name="me.everything.badger.permission.BADGE_COUNT_READ" />
40-->[me.leolin:ShortcutBadger:1.1.22] AndroidManifest.xml:49:5-88
40-->[me.leolin:ShortcutBadger:1.1.22] AndroidManifest.xml:49:22-85
41    <uses-permission android:name="me.everything.badger.permission.BADGE_COUNT_WRITE" />
41-->[me.leolin:ShortcutBadger:1.1.22] AndroidManifest.xml:50:5-89
41-->[me.leolin:ShortcutBadger:1.1.22] AndroidManifest.xml:50:22-86
42    <uses-permission android:name="android.permission.POST_NOTIFICATIONS" />
42-->[app.notifee:core:202108261754] AndroidManifest.xml:9:5-77
42-->[app.notifee:core:202108261754] AndroidManifest.xml:9:22-74
43    <uses-permission android:name="android.permission.USE_FULL_SCREEN_INTENT" />
43-->[app.notifee:core:202108261754] AndroidManifest.xml:16:5-81
43-->[app.notifee:core:202108261754] AndroidManifest.xml:16:22-78
44    <uses-permission android:name="android.permission.SCHEDULE_EXACT_ALARM" />
44-->[app.notifee:core:202108261754] AndroidManifest.xml:17:5-79
44-->[app.notifee:core:202108261754] AndroidManifest.xml:17:22-76
45    <uses-permission
45-->[app.notifee:core:202108261754] AndroidManifest.xml:18:5-20:38
46        android:name="android.permission.BROADCAST_CLOSE_SYSTEM_DIALOGS"
46-->[app.notifee:core:202108261754] AndroidManifest.xml:19:9-73
47        android:maxSdkVersion="30" /> <!-- For Xiaomi devices to enable heads-up notifications as default (https://github.com/invertase/notifee/issues/296) -->
47-->[app.notifee:core:202108261754] AndroidManifest.xml:20:9-35
48    <uses-permission
48-->[app.notifee:core:202108261754] AndroidManifest.xml:22:5-24:38
49        android:name="android.permission.ACCESS_NOTIFICATION_POLICY"
49-->[app.notifee:core:202108261754] AndroidManifest.xml:23:9-69
50        android:minSdkVersion="23" />
50-->[app.notifee:core:202108261754] AndroidManifest.xml:24:9-35
51    <uses-permission android:name="com.google.android.finsky.permission.BIND_GET_INSTALL_REFERRER_SERVICE" />
51-->[com.android.installreferrer:installreferrer:1.1.2] AndroidManifest.xml:9:5-110
51-->[com.android.installreferrer:installreferrer:1.1.2] AndroidManifest.xml:9:22-107
52
53    <application
53-->src\main\AndroidManifest.xml:7:5-42:19
54        android:name="com.mad2x.MainApplication"
54-->src\main\AndroidManifest.xml:8:7-38
55        android:allowBackup="false"
55-->src\main\AndroidManifest.xml:11:7-34
56        android:appComponentFactory="androidx.core.app.CoreComponentFactory"
56-->[androidx.core:core:1.7.0] AndroidManifest.xml:24:18-86
57        android:debuggable="true"
58        android:icon="@mipmap/ic_launcher"
58-->src\main\AndroidManifest.xml:10:7-41
59        android:label="@string/app_name"
59-->src\main\AndroidManifest.xml:9:7-39
60        android:theme="@style/AppTheme"
60-->src\main\AndroidManifest.xml:12:7-38
61        android:usesCleartextTraffic="true" >
61-->src\debug\AndroidManifest.xml:8:9-44
62        <activity
62-->src\debug\AndroidManifest.xml:11:9-111
63            android:name="com.facebook.react.devsupport.DevSettingsActivity"
63-->src\debug\AndroidManifest.xml:11:19-83
64            android:exported="false" />
64-->src\debug\AndroidManifest.xml:11:84-108
65        <activity
65-->src\main\AndroidManifest.xml:13:7-24:18
66            android:name="com.mad2x.MainActivity"
66-->src\main\AndroidManifest.xml:14:9-37
67            android:configChanges="keyboard|keyboardHidden|orientation|screenLayout|screenSize|smallestScreenSize|uiMode"
67-->src\main\AndroidManifest.xml:16:9-118
68            android:exported="true"
68-->src\main\AndroidManifest.xml:19:9-32
69            android:label="@string/app_name"
69-->src\main\AndroidManifest.xml:15:9-41
70            android:launchMode="singleTask"
70-->src\main\AndroidManifest.xml:17:9-40
71            android:windowSoftInputMode="adjustResize" >
71-->src\main\AndroidManifest.xml:18:9-51
72            <intent-filter>
72-->src\main\AndroidManifest.xml:20:9-23:25
73                <action android:name="android.intent.action.MAIN" />
73-->src\main\AndroidManifest.xml:21:13-65
73-->src\main\AndroidManifest.xml:21:21-62
74
75                <category android:name="android.intent.category.LAUNCHER" />
75-->src\main\AndroidManifest.xml:22:13-73
75-->src\main\AndroidManifest.xml:22:23-70
76            </intent-filter>
77        </activity>
78
79        <meta-data
79-->src\main\AndroidManifest.xml:26:8-27:44
80            android:name="com.dieam.reactnativepushnotification.notification_foreground"
80-->src\main\AndroidManifest.xml:26:20-96
81            android:value="false" /> <!-- Change the resource name to your App's accent color - or any other color you want -->
81-->src\main\AndroidManifest.xml:27:21-42
82        <meta-data
82-->src\main\AndroidManifest.xml:29:9-30:54
83            android:name="com.dieam.reactnativepushnotification.notification_color"
83-->src\main\AndroidManifest.xml:29:21-92
84            android:resource="@color/white" /> <!-- or @android:color/{name} to use a standard color -->
84-->src\main\AndroidManifest.xml:30:21-52
85        <receiver android:name="com.dieam.reactnativepushnotification.modules.RNPushNotificationActions" />
85-->src\main\AndroidManifest.xml:32:9-108
85-->src\main\AndroidManifest.xml:32:19-105
86        <receiver android:name="com.dieam.reactnativepushnotification.modules.RNPushNotificationPublisher" />
86-->src\main\AndroidManifest.xml:33:9-110
86-->src\main\AndroidManifest.xml:33:19-107
87        <receiver android:name="com.dieam.reactnativepushnotification.modules.RNPushNotificationBootEventReceiver" />
87-->src\main\AndroidManifest.xml:34:9-118
87-->src\main\AndroidManifest.xml:34:19-115
88
89        <service
89-->src\main\AndroidManifest.xml:35:9-41:19
90            android:name="com.dieam.reactnativepushnotification.modules.RNPushNotificationListenerService"
90-->src\main\AndroidManifest.xml:36:13-107
91            android:exported="false" >
91-->src\main\AndroidManifest.xml:37:13-37
92            <intent-filter>
92-->src\main\AndroidManifest.xml:38:13-40:29
93                <action android:name="com.google.firebase.MESSAGING_EVENT" />
93-->src\main\AndroidManifest.xml:39:17-78
93-->src\main\AndroidManifest.xml:39:25-75
94            </intent-filter>
95        </service>
96
97        <provider
97-->[:notifee_react-native] AndroidManifest.xml:10:9-14:40
98            android:name="io.invertase.notifee.NotifeeInitProvider"
98-->[:notifee_react-native] AndroidManifest.xml:11:13-68
99            android:authorities="com.mad2x.notifee-init-provider"
99-->[:notifee_react-native] AndroidManifest.xml:12:13-73
100            android:exported="false"
100-->[:notifee_react-native] AndroidManifest.xml:13:13-37
101            android:initOrder="-100" />
101-->[:notifee_react-native] AndroidManifest.xml:14:13-37
102        <provider
102-->[:react-native-image-picker] AndroidManifest.xml:10:9-18:20
103            android:name="com.imagepicker.ImagePickerProvider"
103-->[:react-native-image-picker] AndroidManifest.xml:11:13-63
104            android:authorities="com.mad2x.imagepickerprovider"
104-->[:react-native-image-picker] AndroidManifest.xml:12:13-71
105            android:exported="false"
105-->[:react-native-image-picker] AndroidManifest.xml:13:13-37
106            android:grantUriPermissions="true" >
106-->[:react-native-image-picker] AndroidManifest.xml:14:13-47
107            <meta-data
107-->[:react-native-image-picker] AndroidManifest.xml:15:13-17:70
108                android:name="android.support.FILE_PROVIDER_PATHS"
108-->[:react-native-image-picker] AndroidManifest.xml:16:17-67
109                android:resource="@xml/imagepicker_provider_paths" />
109-->[:react-native-image-picker] AndroidManifest.xml:17:17-67
110        </provider>
111        <provider
111-->[androidx.work:work-runtime:2.8.0] AndroidManifest.xml:29:9-37:20
112            android:name="androidx.startup.InitializationProvider"
112-->[androidx.work:work-runtime:2.8.0] AndroidManifest.xml:30:13-67
113            android:authorities="com.mad2x.androidx-startup"
113-->[androidx.work:work-runtime:2.8.0] AndroidManifest.xml:31:13-68
114            android:exported="false" >
114-->[androidx.work:work-runtime:2.8.0] AndroidManifest.xml:32:13-37
115            <meta-data
115-->[androidx.work:work-runtime:2.8.0] AndroidManifest.xml:34:13-36:52
116                android:name="androidx.work.WorkManagerInitializer"
116-->[androidx.work:work-runtime:2.8.0] AndroidManifest.xml:35:17-68
117                android:value="androidx.startup" />
117-->[androidx.work:work-runtime:2.8.0] AndroidManifest.xml:36:17-49
118            <meta-data
118-->[androidx.emoji2:emoji2:1.0.0] AndroidManifest.xml:31:13-33:52
119                android:name="androidx.emoji2.text.EmojiCompatInitializer"
119-->[androidx.emoji2:emoji2:1.0.0] AndroidManifest.xml:32:17-75
120                android:value="androidx.startup" />
120-->[androidx.emoji2:emoji2:1.0.0] AndroidManifest.xml:33:17-49
121            <meta-data
121-->[androidx.lifecycle:lifecycle-process:2.4.0] AndroidManifest.xml:31:13-33:52
122                android:name="androidx.lifecycle.ProcessLifecycleInitializer"
122-->[androidx.lifecycle:lifecycle-process:2.4.0] AndroidManifest.xml:32:17-78
123                android:value="androidx.startup" />
123-->[androidx.lifecycle:lifecycle-process:2.4.0] AndroidManifest.xml:33:17-49
124        </provider>
125
126        <service
126-->[androidx.work:work-runtime:2.8.0] AndroidManifest.xml:39:9-45:35
127            android:name="androidx.work.impl.background.systemalarm.SystemAlarmService"
127-->[androidx.work:work-runtime:2.8.0] AndroidManifest.xml:40:13-88
128            android:directBootAware="false"
128-->[androidx.work:work-runtime:2.8.0] AndroidManifest.xml:41:13-44
129            android:enabled="@bool/enable_system_alarm_service_default"
129-->[androidx.work:work-runtime:2.8.0] AndroidManifest.xml:42:13-72
130            android:exported="false" />
130-->[androidx.work:work-runtime:2.8.0] AndroidManifest.xml:43:13-37
131        <service
131-->[androidx.work:work-runtime:2.8.0] AndroidManifest.xml:46:9-52:35
132            android:name="androidx.work.impl.background.systemjob.SystemJobService"
132-->[androidx.work:work-runtime:2.8.0] AndroidManifest.xml:47:13-84
133            android:directBootAware="false"
133-->[androidx.work:work-runtime:2.8.0] AndroidManifest.xml:48:13-44
134            android:enabled="@bool/enable_system_job_service_default"
134-->[androidx.work:work-runtime:2.8.0] AndroidManifest.xml:49:13-70
135            android:exported="true"
135-->[androidx.work:work-runtime:2.8.0] AndroidManifest.xml:50:13-36
136            android:permission="android.permission.BIND_JOB_SERVICE" />
136-->[androidx.work:work-runtime:2.8.0] AndroidManifest.xml:51:13-69
137        <service
137-->[androidx.work:work-runtime:2.8.0] AndroidManifest.xml:53:9-59:35
138            android:name="androidx.work.impl.foreground.SystemForegroundService"
138-->[androidx.work:work-runtime:2.8.0] AndroidManifest.xml:54:13-81
139            android:directBootAware="false"
139-->[androidx.work:work-runtime:2.8.0] AndroidManifest.xml:55:13-44
140            android:enabled="@bool/enable_system_foreground_service_default"
140-->[androidx.work:work-runtime:2.8.0] AndroidManifest.xml:56:13-77
141            android:exported="false" />
141-->[androidx.work:work-runtime:2.8.0] AndroidManifest.xml:57:13-37
142
143        <receiver
143-->[androidx.work:work-runtime:2.8.0] AndroidManifest.xml:61:9-66:35
144            android:name="androidx.work.impl.utils.ForceStopRunnable$BroadcastReceiver"
144-->[androidx.work:work-runtime:2.8.0] AndroidManifest.xml:62:13-88
145            android:directBootAware="false"
145-->[androidx.work:work-runtime:2.8.0] AndroidManifest.xml:63:13-44
146            android:enabled="true"
146-->[androidx.work:work-runtime:2.8.0] AndroidManifest.xml:64:13-35
147            android:exported="false" />
147-->[androidx.work:work-runtime:2.8.0] AndroidManifest.xml:65:13-37
148        <receiver
148-->[androidx.work:work-runtime:2.8.0] AndroidManifest.xml:67:9-77:20
149            android:name="androidx.work.impl.background.systemalarm.ConstraintProxy$BatteryChargingProxy"
149-->[androidx.work:work-runtime:2.8.0] AndroidManifest.xml:68:13-106
150            android:directBootAware="false"
150-->[androidx.work:work-runtime:2.8.0] AndroidManifest.xml:69:13-44
151            android:enabled="false"
151-->[androidx.work:work-runtime:2.8.0] AndroidManifest.xml:70:13-36
152            android:exported="false" >
152-->[androidx.work:work-runtime:2.8.0] AndroidManifest.xml:71:13-37
153            <intent-filter>
153-->[androidx.work:work-runtime:2.8.0] AndroidManifest.xml:73:13-76:29
154                <action android:name="android.intent.action.ACTION_POWER_CONNECTED" />
154-->[androidx.work:work-runtime:2.8.0] AndroidManifest.xml:74:17-87
154-->[androidx.work:work-runtime:2.8.0] AndroidManifest.xml:74:25-84
155                <action android:name="android.intent.action.ACTION_POWER_DISCONNECTED" />
155-->[androidx.work:work-runtime:2.8.0] AndroidManifest.xml:75:17-90
155-->[androidx.work:work-runtime:2.8.0] AndroidManifest.xml:75:25-87
156            </intent-filter>
157        </receiver>
158        <receiver
158-->[androidx.work:work-runtime:2.8.0] AndroidManifest.xml:78:9-88:20
159            android:name="androidx.work.impl.background.systemalarm.ConstraintProxy$BatteryNotLowProxy"
159-->[androidx.work:work-runtime:2.8.0] AndroidManifest.xml:79:13-104
160            android:directBootAware="false"
160-->[androidx.work:work-runtime:2.8.0] AndroidManifest.xml:80:13-44
161            android:enabled="false"
161-->[androidx.work:work-runtime:2.8.0] AndroidManifest.xml:81:13-36
162            android:exported="false" >
162-->[androidx.work:work-runtime:2.8.0] AndroidManifest.xml:82:13-37
163            <intent-filter>
163-->[androidx.work:work-runtime:2.8.0] AndroidManifest.xml:84:13-87:29
164                <action android:name="android.intent.action.BATTERY_OKAY" />
164-->[androidx.work:work-runtime:2.8.0] AndroidManifest.xml:85:17-77
164-->[androidx.work:work-runtime:2.8.0] AndroidManifest.xml:85:25-74
165                <action android:name="android.intent.action.BATTERY_LOW" />
165-->[androidx.work:work-runtime:2.8.0] AndroidManifest.xml:86:17-76
165-->[androidx.work:work-runtime:2.8.0] AndroidManifest.xml:86:25-73
166            </intent-filter>
167        </receiver>
168        <receiver
168-->[androidx.work:work-runtime:2.8.0] AndroidManifest.xml:89:9-99:20
169            android:name="androidx.work.impl.background.systemalarm.ConstraintProxy$StorageNotLowProxy"
169-->[androidx.work:work-runtime:2.8.0] AndroidManifest.xml:90:13-104
170            android:directBootAware="false"
170-->[androidx.work:work-runtime:2.8.0] AndroidManifest.xml:91:13-44
171            android:enabled="false"
171-->[androidx.work:work-runtime:2.8.0] AndroidManifest.xml:92:13-36
172            android:exported="false" >
172-->[androidx.work:work-runtime:2.8.0] AndroidManifest.xml:93:13-37
173            <intent-filter>
173-->[androidx.work:work-runtime:2.8.0] AndroidManifest.xml:95:13-98:29
174                <action android:name="android.intent.action.DEVICE_STORAGE_LOW" />
174-->[androidx.work:work-runtime:2.8.0] AndroidManifest.xml:96:17-83
174-->[androidx.work:work-runtime:2.8.0] AndroidManifest.xml:96:25-80
175                <action android:name="android.intent.action.DEVICE_STORAGE_OK" />
175-->[androidx.work:work-runtime:2.8.0] AndroidManifest.xml:97:17-82
175-->[androidx.work:work-runtime:2.8.0] AndroidManifest.xml:97:25-79
176            </intent-filter>
177        </receiver>
178        <receiver
178-->[androidx.work:work-runtime:2.8.0] AndroidManifest.xml:100:9-109:20
179            android:name="androidx.work.impl.background.systemalarm.ConstraintProxy$NetworkStateProxy"
179-->[androidx.work:work-runtime:2.8.0] AndroidManifest.xml:101:13-103
180            android:directBootAware="false"
180-->[androidx.work:work-runtime:2.8.0] AndroidManifest.xml:102:13-44
181            android:enabled="false"
181-->[androidx.work:work-runtime:2.8.0] AndroidManifest.xml:103:13-36
182            android:exported="false" >
182-->[androidx.work:work-runtime:2.8.0] AndroidManifest.xml:104:13-37
183            <intent-filter>
183-->[androidx.work:work-runtime:2.8.0] AndroidManifest.xml:106:13-108:29
184                <action android:name="android.net.conn.CONNECTIVITY_CHANGE" />
184-->[androidx.work:work-runtime:2.8.0] AndroidManifest.xml:107:17-79
184-->[androidx.work:work-runtime:2.8.0] AndroidManifest.xml:107:25-76
185            </intent-filter>
186        </receiver>
187        <receiver
187-->[androidx.work:work-runtime:2.8.0] AndroidManifest.xml:110:9-121:20
188            android:name="androidx.work.impl.background.systemalarm.RescheduleReceiver"
188-->[androidx.work:work-runtime:2.8.0] AndroidManifest.xml:111:13-88
189            android:directBootAware="false"
189-->[androidx.work:work-runtime:2.8.0] AndroidManifest.xml:112:13-44
190            android:enabled="false"
190-->[androidx.work:work-runtime:2.8.0] AndroidManifest.xml:113:13-36
191            android:exported="false" >
191-->[androidx.work:work-runtime:2.8.0] AndroidManifest.xml:114:13-37
192            <intent-filter>
192-->[androidx.work:work-runtime:2.8.0] AndroidManifest.xml:116:13-120:29
193                <action android:name="android.intent.action.BOOT_COMPLETED" />
193-->[androidx.work:work-runtime:2.8.0] AndroidManifest.xml:117:17-79
193-->[androidx.work:work-runtime:2.8.0] AndroidManifest.xml:117:25-76
194                <action android:name="android.intent.action.TIME_SET" />
194-->[androidx.work:work-runtime:2.8.0] AndroidManifest.xml:118:17-73
194-->[androidx.work:work-runtime:2.8.0] AndroidManifest.xml:118:25-70
195                <action android:name="android.intent.action.TIMEZONE_CHANGED" />
195-->[androidx.work:work-runtime:2.8.0] AndroidManifest.xml:119:17-81
195-->[androidx.work:work-runtime:2.8.0] AndroidManifest.xml:119:25-78
196            </intent-filter>
197        </receiver>
198        <receiver
198-->[androidx.work:work-runtime:2.8.0] AndroidManifest.xml:122:9-131:20
199            android:name="androidx.work.impl.background.systemalarm.ConstraintProxyUpdateReceiver"
199-->[androidx.work:work-runtime:2.8.0] AndroidManifest.xml:123:13-99
200            android:directBootAware="false"
200-->[androidx.work:work-runtime:2.8.0] AndroidManifest.xml:124:13-44
201            android:enabled="@bool/enable_system_alarm_service_default"
201-->[androidx.work:work-runtime:2.8.0] AndroidManifest.xml:125:13-72
202            android:exported="false" >
202-->[androidx.work:work-runtime:2.8.0] AndroidManifest.xml:126:13-37
203            <intent-filter>
203-->[androidx.work:work-runtime:2.8.0] AndroidManifest.xml:128:13-130:29
204                <action android:name="androidx.work.impl.background.systemalarm.UpdateProxies" />
204-->[androidx.work:work-runtime:2.8.0] AndroidManifest.xml:129:17-98
204-->[androidx.work:work-runtime:2.8.0] AndroidManifest.xml:129:25-95
205            </intent-filter>
206        </receiver>
207        <receiver
207-->[androidx.work:work-runtime:2.8.0] AndroidManifest.xml:132:9-142:20
208            android:name="androidx.work.impl.diagnostics.DiagnosticsReceiver"
208-->[androidx.work:work-runtime:2.8.0] AndroidManifest.xml:133:13-78
209            android:directBootAware="false"
209-->[androidx.work:work-runtime:2.8.0] AndroidManifest.xml:134:13-44
210            android:enabled="true"
210-->[androidx.work:work-runtime:2.8.0] AndroidManifest.xml:135:13-35
211            android:exported="true"
211-->[androidx.work:work-runtime:2.8.0] AndroidManifest.xml:136:13-36
212            android:permission="android.permission.DUMP" >
212-->[androidx.work:work-runtime:2.8.0] AndroidManifest.xml:137:13-57
213            <intent-filter>
213-->[androidx.work:work-runtime:2.8.0] AndroidManifest.xml:139:13-141:29
214                <action android:name="androidx.work.diagnostics.REQUEST_DIAGNOSTICS" />
214-->[androidx.work:work-runtime:2.8.0] AndroidManifest.xml:140:17-88
214-->[androidx.work:work-runtime:2.8.0] AndroidManifest.xml:140:25-85
215            </intent-filter>
216        </receiver>
217
218        <service
218-->[androidx.room:room-runtime:2.5.0] AndroidManifest.xml:24:9-28:63
219            android:name="androidx.room.MultiInstanceInvalidationService"
219-->[androidx.room:room-runtime:2.5.0] AndroidManifest.xml:25:13-74
220            android:directBootAware="true"
220-->[androidx.room:room-runtime:2.5.0] AndroidManifest.xml:26:13-43
221            android:exported="false" />
221-->[androidx.room:room-runtime:2.5.0] AndroidManifest.xml:27:13-37
222
223        <receiver
223-->[com.google.firebase:firebase-messaging:21.1.0] AndroidManifest.xml:28:9-35:20
224            android:name="com.google.firebase.iid.FirebaseInstanceIdReceiver"
224-->[com.google.firebase:firebase-messaging:21.1.0] AndroidManifest.xml:29:13-78
225            android:exported="true"
225-->[com.google.firebase:firebase-messaging:21.1.0] AndroidManifest.xml:30:13-36
226            android:permission="com.google.android.c2dm.permission.SEND" >
226-->[com.google.firebase:firebase-messaging:21.1.0] AndroidManifest.xml:31:13-73
227            <intent-filter>
227-->[com.google.firebase:firebase-messaging:21.1.0] AndroidManifest.xml:32:13-34:29
228                <action android:name="com.google.android.c2dm.intent.RECEIVE" />
228-->[com.google.firebase:firebase-messaging:21.1.0] AndroidManifest.xml:33:17-81
228-->[com.google.firebase:firebase-messaging:21.1.0] AndroidManifest.xml:33:25-78
229            </intent-filter>
230        </receiver>
231        <!--
232             FirebaseMessagingService performs security checks at runtime,
233             but set to not exported to explicitly avoid allowing another app to call it.
234        -->
235        <service
235-->[com.google.firebase:firebase-messaging:21.1.0] AndroidManifest.xml:41:9-48:19
236            android:name="com.google.firebase.messaging.FirebaseMessagingService"
236-->[com.google.firebase:firebase-messaging:21.1.0] AndroidManifest.xml:42:13-82
237            android:directBootAware="true"
237-->[com.google.firebase:firebase-messaging:21.1.0] AndroidManifest.xml:43:13-43
238            android:exported="false" >
238-->[com.google.firebase:firebase-messaging:21.1.0] AndroidManifest.xml:44:13-37
239            <intent-filter android:priority="-500" >
239-->src\main\AndroidManifest.xml:38:13-40:29
240                <action android:name="com.google.firebase.MESSAGING_EVENT" />
240-->src\main\AndroidManifest.xml:39:17-78
240-->src\main\AndroidManifest.xml:39:25-75
241            </intent-filter>
242        </service>
243        <service
243-->[com.google.firebase:firebase-messaging:21.1.0] AndroidManifest.xml:49:9-55:19
244            android:name="com.google.firebase.components.ComponentDiscoveryService"
244-->[com.google.firebase:firebase-messaging:21.1.0] AndroidManifest.xml:50:13-84
245            android:directBootAware="true"
245-->[com.google.firebase:firebase-common:19.5.0] AndroidManifest.xml:35:13-43
246            android:exported="false" >
246-->[com.google.firebase:firebase-messaging:21.1.0] AndroidManifest.xml:51:13-37
247            <meta-data
247-->[com.google.firebase:firebase-messaging:21.1.0] AndroidManifest.xml:52:13-54:85
248                android:name="com.google.firebase.components:com.google.firebase.messaging.FirebaseMessagingRegistrar"
248-->[com.google.firebase:firebase-messaging:21.1.0] AndroidManifest.xml:53:17-119
249                android:value="com.google.firebase.components.ComponentRegistrar" />
249-->[com.google.firebase:firebase-messaging:21.1.0] AndroidManifest.xml:54:17-82
250            <meta-data
250-->[com.google.firebase:firebase-iid:21.1.0] AndroidManifest.xml:32:13-34:85
251                android:name="com.google.firebase.components:com.google.firebase.iid.Registrar"